<?xml version='1.0'?>
<ns2:test-suite xmlns:ns2='urn:model.allure.qatools.yandex.ru' start='1663887822542' stop='1663887855990'>
    <name>HomepageS1 Test</name>
    <title>HomepageS1 Test</title>
    <test-cases>
        <test-case start='1663887822771' status='failed' stop='1663887855988'>
            <name>Verify error is displayed when user submits the empty feedback form</name>
            <title>Verify error is displayed when user submits the empty feedback form</title>
            <labels>
                <label name='language' value='javascript'/>
                <label name='framework' value='wdio'/>
                <label name='thread' value='0-10'/>
            </labels>
            <parameters>
                <parameter kind='argument' name='browser' value='chrome-105.0.5195.125'/>
            </parameters>
            <steps>
                <step start='1663887822773' status='passed' stop='1663887832929'>
                    <name>Given I am on Hotels.com home page0211</name>
                    <title>Given I am on Hotels.com home page0211</title>
                    <attachments/>
                    <steps/>
                </step>
                <step start='1663887832929' status='passed' stop='1663887834061'>
                    <name>When I Click on Travelers</name>
                    <title>When I Click on Travelers</title>
                    <attachments/>
                    <steps/>
                </step>
                <step start='1663887834061' status='passed' stop='1663887835239'>
                    <name>And I Select “Children” as 2</name>
                    <title>And I Select “Children” as 2</title>
                    <attachments/>
                    <steps/>
                </step>
                <step start='1663887835239' status='passed' stop='1663887837348'>
                    <name>Then I Verify Children-age dropdown are 2</name>
                    <title>Then I Verify Children-age dropdown are 2</title>
                    <attachments/>
                    <steps/>
                </step>
                <step start='1663887837348' status='passed' stop='1663887838413'>
                    <name>And I Verify Plus-button is enabled</name>
                    <title>And I Verify Plus-button is enabled</title>
                    <attachments/>
                    <steps/>
                </step>
                <step start='1663887838413' status='passed' stop='1663887839466'>
                    <name>And I Verify minus-button is enabled</name>
                    <title>And I Verify minus-button is enabled</title>
                    <attachments/>
                    <steps/>
                </step>
                <step start='1663887839466' status='passed' stop='1663887840760'>
                    <name>When I Select “Children” as 6</name>
                    <title>When I Select “Children” as 6</title>
                    <attachments/>
                    <steps/>
                </step>
                <step start='1663887840760' status='passed' stop='1663887847177'>
                    <name>Then I Verify Children-age dropdown are 6</name>
                    <title>Then I Verify Children-age dropdown are 6</title>
                    <attachments/>
                    <steps/>
                </step>
                <step start='1663887847177' status='passed' stop='1663887848238'>
                    <name>And I Verify Plus button is disabled</name>
                    <title>And I Verify Plus button is disabled</title>
                    <attachments/>
                    <steps/>
                </step>
                <step start='1663887848238' status='passed' stop='1663887849300'>
                    <name>And I Verify minus-button is enabled02</name>
                    <title>And I Verify minus-button is enabled02</title>
                    <attachments/>
                    <steps/>
                </step>
                <step start='1663887849300' status='passed' stop='1663887850383'>
                    <name>When I Select “Children” as 5</name>
                    <title>When I Select “Children” as 5</title>
                    <attachments/>
                    <steps/>
                </step>
                <step start='1663887850383' status='passed' stop='1663887855621'>
                    <name>Then I Verify Children-age dropdown are 5</name>
                    <title>Then I Verify Children-age dropdown are 5</title>
                    <attachments/>
                    <steps/>
                </step>
                <step start='1663887855621' status='failed' stop='1663887855988'>
                    <name>And I Verify Plus button is enabled</name>
                    <title>And I Verify Plus button is enabled</title>
                    <attachments>
                        <attachment title='Screenshot' source='0a669ad8-ed3b-471f-b909-a5f5fde84d64-attachment.png' type='image/png' size='641360'/>
                    </attachments>
                    <steps/>
                </step>
                <step start='1663887855988' status='canceled' stop='1663887855989'>
                    <name>And I Verify minus-button is enabled03</name>
                    <title>And I Verify minus-button is enabled03</title>
                    <attachments/>
                    <steps/>
                </step>
            </steps>
            <attachments/>
            <failure>
                <message>AssertionError: Plus Button Is Not Enabled1: expected true to be false</message>
                <stack-trace>AssertionError: Plus Button Is Not Enabled1: expected true to be false
                    + expected - actual
                
                    -true
                    +false
                
                    at World.&lt;anonymous> (/Users/ron-coding/Documents/git/Js-Summer-Cucumber-2022/step-definitions/z-stepDef-Sprint1/HomepageS1SD.js:592:67)
                    at processTicksAndRejections (node:internal/process/task_queues:96:5)</stack-trace>
            </failure>
        </test-case>
    </test-cases>
</ns2:test-suite>