<?xml version='1.0'?>
<ns2:test-suite xmlns:ns2='urn:model.allure.qatools.yandex.ru' start='1663809298423' stop='1663809322642'>
    <name>HomepageS1 Test</name>
    <title>HomepageS1 Test</title>
    <test-cases>
        <test-case start='1663809298474' status='failed' stop='1663809322640'>
            <name>Verify error is displayed when user submits the empty feedback form</name>
            <title>Verify error is displayed when user submits the empty feedback form</title>
            <labels>
                <label name='language' value='javascript'/>
                <label name='framework' value='wdio'/>
                <label name='thread' value='0-10'/>
            </labels>
            <parameters>
                <parameter kind='argument' name='browser' value='chrome-105.0.5195.125'/>
            </parameters>
            <steps>
                <step start='1663809298478' status='passed' stop='1663809308145'>
                    <name>Given I am on Hotels.com home page0211</name>
                    <title>Given I am on Hotels.com home page0211</title>
                    <attachments/>
                    <steps/>
                </step>
                <step start='1663809308145' status='passed' stop='1663809309278'>
                    <name>When I Click on Travelers</name>
                    <title>When I Click on Travelers</title>
                    <attachments/>
                    <steps/>
                </step>
                <step start='1663809309278' status='passed' stop='1663809310478'>
                    <name>And I Select “Children” as 2</name>
                    <title>And I Select “Children” as 2</title>
                    <attachments/>
                    <steps/>
                </step>
                <step start='1663809310478' status='passed' stop='1663809312645'>
                    <name>Then I Verify Children-age dropdown are 2</name>
                    <title>Then I Verify Children-age dropdown are 2</title>
                    <attachments/>
                    <steps/>
                </step>
                <step start='1663809312645' status='passed' stop='1663809313700'>
                    <name>And I Verify Plus-button is enabled</name>
                    <title>And I Verify Plus-button is enabled</title>
                    <attachments/>
                    <steps/>
                </step>
                <step start='1663809313700' status='passed' stop='1663809314758'>
                    <name>And I Verify minus-button is enabled</name>
                    <title>And I Verify minus-button is enabled</title>
                    <attachments/>
                    <steps/>
                </step>
                <step start='1663809314758' status='passed' stop='1663809316052'>
                    <name>When I Select “Children” as 6</name>
                    <title>When I Select “Children” as 6</title>
                    <attachments/>
                    <steps/>
                </step>
                <step start='1663809316052' status='passed' stop='1663809322331'>
                    <name>Then I Verify Children-age dropdown are 6</name>
                    <title>Then I Verify Children-age dropdown are 6</title>
                    <attachments/>
                    <steps/>
                </step>
                <step start='1663809322331' status='failed' stop='1663809322640'>
                    <name>And I Verify Plus button is disabled</name>
                    <title>And I Verify Plus button is disabled</title>
                    <attachments>
                        <attachment title='Screenshot' source='f56a7328-b85b-4c9f-bb8d-1507ca55893a-attachment.png' type='image/png' size='651026'/>
                    </attachments>
                    <steps/>
                </step>
                <step start='1663809322640' status='canceled' stop='1663809322640'>
                    <name>And I Verify Plus-button is enabled</name>
                    <title>And I Verify Plus-button is enabled</title>
                    <attachments/>
                    <steps/>
                </step>
            </steps>
            <attachments/>
            <failure>
                <message>AssertionError: Plus Button Is Not Enabled: expected false to be true</message>
                <stack-trace>AssertionError: Plus Button Is Not Enabled: expected false to be true
                    + expected - actual
                
                    -false
                    +true
                
                    at World.&lt;anonymous> (/Users/ron-coding/Documents/git/Js-Summer-Cucumber-2022/step-definitions/z-stepDef-Sprint1/HomepageS1SD.js:539:66)
                    at processTicksAndRejections (node:internal/process/task_queues:96:5)</stack-trace>
            </failure>
        </test-case>
    </test-cases>
</ns2:test-suite>