<?xml version='1.0'?>
<ns2:test-suite xmlns:ns2='urn:model.allure.qatools.yandex.ru' start='1662600112504' stop='1662600117178'>
    <name>Darksky Final Test</name>
    <title>Darksky Final Test</title>
    <test-cases>
        <test-case start='1662600112794' status='failed' stop='1662600117176'>
            <name>Verify DarkSky 2 Hour Gaps</name>
            <title>Verify DarkSky 2 Hour Gaps</title>
            <labels>
                <label name='language' value='javascript'/>
                <label name='framework' value='wdio'/>
                <label name='thread' value='0-1'/>
            </labels>
            <parameters>
                <parameter kind='argument' name='browser' value='chrome-105.0.5195.102'/>
            </parameters>
            <steps>
                <step start='1662600112797' status='passed' stop='1662600116784'>
                    <name>Given I am on darksky.net123</name>
                    <title>Given I am on darksky.net123</title>
                    <attachments/>
                    <steps/>
                </step>
                <step start='1662600116784' status='failed' stop='1662600117176'>
                    <name>Then I Verify timeline has 12-data points with 2 hours gap from current hour</name>
                    <title>Then I Verify timeline has 12-data points with 2 hours gap from current hour</title>
                    <attachments>
                        <attachment title='Screenshot' source='8b204beb-8293-4b44-bd51-e77410436e3d-attachment.png' type='image/png' size='432627'/>
                    </attachments>
                    <steps/>
                </step>
            </steps>
            <attachments/>
            <failure>
                <message>AssertionError: Not equal: expected Promise{…} to deeply equal '092'</message>
                <stack-trace>AssertionError: Not equal: expected Promise{…} to deeply equal '092'
                    at World.&lt;anonymous> (/Users/ron-coding/Documents/git/Js-Summer-Cucumber-2022/step-definitions/Darksky/DarkskyTestSD.js:23:44)
                    at processTicksAndRejections (node:internal/process/task_queues:96:5)</stack-trace>
            </failure>
        </test-case>
    </test-cases>
</ns2:test-suite>