<?xml version='1.0'?>
<ns2:test-suite xmlns:ns2='urn:model.allure.qatools.yandex.ru' start='1662396297444' stop='1662396302680'>
    <name>Sign Up</name>
    <title>Sign Up</title>
    <test-cases>
        <test-case start='1662396298104' status='broken' stop='1662396301646'>
            <name>Verify current date is selected on sign up form</name>
            <title>Verify current date is selected on sign up form</title>
            <labels>
                <label name='language' value='javascript'/>
                <label name='framework' value='wdio'/>
                <label name='thread' value='1-4'/>
            </labels>
            <parameters>
                <parameter kind='argument' name='browser' value='firefox-104.0.1'/>
            </parameters>
            <steps>
                <step start='1662396298107' status='passed' stop='1662396300337'>
                    <name>Given I am on facebook homepage</name>
                    <title>Given I am on facebook homepage</title>
                    <attachments/>
                    <steps/>
                </step>
                <step start='1662396300337' status='passed' stop='1662396301628'>
                    <name>When I click Create New Account button</name>
                    <title>When I click Create New Account button</title>
                    <attachments/>
                    <steps/>
                </step>
                <step start='1662396301628' status='broken' stop='1662396301646'>
                    <name>Then I verify current date is selected in dropdown</name>
                    <title>Then I verify current date is selected in dropdown</title>
                    <attachments/>
                    <steps/>
                </step>
            </steps>
            <attachments/>
            <failure>
                <message>Step "I verify current date is selected in dropdown" is not defined. You can ignore this error by setting cucumberOpts.ignoreUndefinedDefinitions as true.</message>
                <stack-trace>Step "I verify current date is selected in dropdown" is not defined. You can ignore this error by setting cucumberOpts.ignoreUndefinedDefinitions as true.
                	at Feature(/Users/ron-coding/Documents/git/Js-Summer-Cucumber-2022/features/Facebook/Signup.feature):1:1
                	at Scenario(Verify current date is selected on sign up form):9:5
                	at Step(I verify current date is selected in dropdown):12:9
                </stack-trace>
            </failure>
        </test-case>
        <test-case start='1662396301662' status='broken' stop='1662396302678'>
            <name>Verify user gets error if already registered</name>
            <title>Verify user gets error if already registered</title>
            <labels>
                <label name='language' value='javascript'/>
                <label name='framework' value='wdio'/>
                <label name='thread' value='1-4'/>
            </labels>
            <parameters>
                <parameter kind='argument' name='browser' value='firefox-104.0.1'/>
            </parameters>
            <steps>
                <step start='1662396301688' status='passed' stop='1662396302351'>
                    <name>Given I am on facebook homepage</name>
                    <title>Given I am on facebook homepage</title>
                    <attachments/>
                    <steps/>
                </step>
                <step start='1662396302351' status='passed' stop='1662396302673'>
                    <name>When I click Create New Account button</name>
                    <title>When I click Create New Account button</title>
                    <attachments/>
                    <steps/>
                </step>
                <step start='1662396302673' status='broken' stop='1662396302674'>
                    <name>And I enter "John" in firstname</name>
                    <title>And I enter "John" in firstname</title>
                    <attachments/>
                    <steps/>
                </step>
                <step start='1662396302674' status='broken' stop='1662396302674'>
                    <name>And I enter "Doe" in laststname</name>
                    <title>And I enter "Doe" in laststname</title>
                    <attachments/>
                    <steps/>
                </step>
                <step start='1662396302674' status='broken' stop='1662396302676'>
                    <name>And I enter "9879879870" in mobile number</name>
                    <title>And I enter "9879879870" in mobile number</title>
                    <attachments/>
                    <steps/>
                </step>
                <step start='1662396302676' status='broken' stop='1662396302676'>
                    <name>And I enter "abcd@1234" in new password</name>
                    <title>And I enter "abcd@1234" in new password</title>
                    <attachments/>
                    <steps/>
                </step>
                <step start='1662396302676' status='broken' stop='1662396302676'>
                    <name>And I enter "abcd@1234" in confirm new password</name>
                    <title>And I enter "abcd@1234" in confirm new password</title>
                    <attachments/>
                    <steps/>
                </step>
                <step start='1662396302676' status='broken' stop='1662396302677'>
                    <name>And I select "Dec 12 1990" in date of birth</name>
                    <title>And I select "Dec 12 1990" in date of birth</title>
                    <attachments/>
                    <steps/>
                </step>
                <step start='1662396302677' status='broken' stop='1662396302677'>
                    <name>And I select "female" in gender</name>
                    <title>And I select "female" in gender</title>
                    <attachments/>
                    <steps/>
                </step>
                <step start='1662396302677' status='broken' stop='1662396302678'>
                    <name>And I click submit button</name>
                    <title>And I click submit button</title>
                    <attachments/>
                    <steps/>
                </step>
                <step start='1662396302678' status='broken' stop='1662396302678'>
                    <name>Then I verify user is already registered error is displayed</name>
                    <title>Then I verify user is already registered error is displayed</title>
                    <attachments/>
                    <steps/>
                </step>
            </steps>
            <attachments/>
            <failure>
                <message>Step "I verify user is already registered error is displayed" is not defined. You can ignore this error by setting cucumberOpts.ignoreUndefinedDefinitions as true.</message>
                <stack-trace>Step "I verify user is already registered error is displayed" is not defined. You can ignore this error by setting cucumberOpts.ignoreUndefinedDefinitions as true.
                	at Feature(/Users/ron-coding/Documents/git/Js-Summer-Cucumber-2022/features/Facebook/Signup.feature):1:1
                	at Scenario(Verify user gets error if already registered):24:5
                	at Step(I verify user is already registered error is displayed):35:9
                </stack-trace>
            </failure>
        </test-case>
    </test-cases>
</ns2:test-suite>