<?xml version='1.0'?>
<ns2:test-suite xmlns:ns2='urn:model.allure.qatools.yandex.ru' start='1663887825114' stop='1663887858767'>
    <name>HomepageS1 Test</name>
    <title>HomepageS1 Test</title>
    <test-cases>
        <test-case start='1663887825357' status='failed' stop='1663887858765'>
            <name>Verify error is displayed when user submits the empty feedback form</name>
            <title>Verify error is displayed when user submits the empty feedback form</title>
            <labels>
                <label name='language' value='javascript'/>
                <label name='framework' value='wdio'/>
                <label name='thread' value='1-10'/>
            </labels>
            <parameters>
                <parameter kind='argument' name='browser' value='firefox-104.0.1'/>
            </parameters>
            <steps>
                <step start='1663887825360' status='passed' stop='1663887834807'>
                    <name>Given I am on Hotels.com home page0211</name>
                    <title>Given I am on Hotels.com home page0211</title>
                    <attachments/>
                    <steps/>
                </step>
                <step start='1663887834807' status='passed' stop='1663887836111'>
                    <name>When I Click on Travelers</name>
                    <title>When I Click on Travelers</title>
                    <attachments/>
                    <steps/>
                </step>
                <step start='1663887836111' status='passed' stop='1663887837642'>
                    <name>And I Select “Children” as 2</name>
                    <title>And I Select “Children” as 2</title>
                    <attachments/>
                    <steps/>
                </step>
                <step start='1663887837642' status='passed' stop='1663887839754'>
                    <name>Then I Verify Children-age dropdown are 2</name>
                    <title>Then I Verify Children-age dropdown are 2</title>
                    <attachments/>
                    <steps/>
                </step>
                <step start='1663887839754' status='passed' stop='1663887840779'>
                    <name>And I Verify Plus-button is enabled</name>
                    <title>And I Verify Plus-button is enabled</title>
                    <attachments/>
                    <steps/>
                </step>
                <step start='1663887840779' status='passed' stop='1663887841824'>
                    <name>And I Verify minus-button is enabled</name>
                    <title>And I Verify minus-button is enabled</title>
                    <attachments/>
                    <steps/>
                </step>
                <step start='1663887841824' status='passed' stop='1663887843864'>
                    <name>When I Select “Children” as 6</name>
                    <title>When I Select “Children” as 6</title>
                    <attachments/>
                    <steps/>
                </step>
                <step start='1663887843864' status='passed' stop='1663887850014'>
                    <name>Then I Verify Children-age dropdown are 6</name>
                    <title>Then I Verify Children-age dropdown are 6</title>
                    <attachments/>
                    <steps/>
                </step>
                <step start='1663887850015' status='passed' stop='1663887851041'>
                    <name>And I Verify Plus button is disabled</name>
                    <title>And I Verify Plus button is disabled</title>
                    <attachments/>
                    <steps/>
                </step>
                <step start='1663887851041' status='passed' stop='1663887852060'>
                    <name>And I Verify minus-button is enabled02</name>
                    <title>And I Verify minus-button is enabled02</title>
                    <attachments/>
                    <steps/>
                </step>
                <step start='1663887852060' status='passed' stop='1663887853328'>
                    <name>When I Select “Children” as 5</name>
                    <title>When I Select “Children” as 5</title>
                    <attachments/>
                    <steps/>
                </step>
                <step start='1663887853328' status='passed' stop='1663887858477'>
                    <name>Then I Verify Children-age dropdown are 5</name>
                    <title>Then I Verify Children-age dropdown are 5</title>
                    <attachments/>
                    <steps/>
                </step>
                <step start='1663887858477' status='failed' stop='1663887858765'>
                    <name>And I Verify Plus button is enabled</name>
                    <title>And I Verify Plus button is enabled</title>
                    <attachments>
                        <attachment title='Screenshot' source='84ac526e-7542-47b4-abc4-5fff802447f9-attachment.png' type='image/png' size='762586'/>
                    </attachments>
                    <steps/>
                </step>
                <step start='1663887858765' status='canceled' stop='1663887858765'>
                    <name>And I Verify minus-button is enabled03</name>
                    <title>And I Verify minus-button is enabled03</title>
                    <attachments/>
                    <steps/>
                </step>
            </steps>
            <attachments/>
            <failure>
                <message>AssertionError: Plus Button Is Not Enabled1: expected true to be false</message>
                <stack-trace>AssertionError: Plus Button Is Not Enabled1: expected true to be false
                    + expected - actual
                
                    -true
                    +false
                
                    at World.&lt;anonymous> (/Users/ron-coding/Documents/git/Js-Summer-Cucumber-2022/step-definitions/z-stepDef-Sprint1/HomepageS1SD.js:592:67)
                    at processTicksAndRejections (node:internal/process/task_queues:96:5)</stack-trace>
            </failure>
        </test-case>
    </test-cases>
</ns2:test-suite>