<?xml version='1.0'?>
<ns2:test-suite xmlns:ns2='urn:model.allure.qatools.yandex.ru' start='1663719580865' stop='1663719599738'>
    <name>HomepageS1 Test</name>
    <title>HomepageS1 Test</title>
    <test-cases>
        <test-case start='1663719580924' status='failed' stop='1663719599737'>
            <name>Verify TermsAndConditions link and PrivacyStatements link open correct page on new tab</name>
            <title>Verify TermsAndConditions link and PrivacyStatements link open correct page on new tab</title>
            <labels>
                <label name='language' value='javascript'/>
                <label name='framework' value='wdio'/>
                <label name='thread' value='1-10'/>
            </labels>
            <parameters>
                <parameter kind='argument' name='browser' value='firefox-104.0.1'/>
            </parameters>
            <steps>
                <step start='1663719580929' status='passed' stop='1663719590102'>
                    <name>Given I am on Hotels.com home page0211</name>
                    <title>Given I am on Hotels.com home page0211</title>
                    <attachments/>
                    <steps/>
                </step>
                <step start='1663719590103' status='passed' stop='1663719591396'>
                    <name>When I Click Sign in link</name>
                    <title>When I Click Sign in link</title>
                    <attachments/>
                    <steps/>
                </step>
                <step start='1663719591397' status='passed' stop='1663719595020'>
                    <name>And I Click Sign up link</name>
                    <title>And I Click Sign up link</title>
                    <attachments/>
                    <steps/>
                </step>
                <step start='1663719595020' status='passed' stop='1663719597547'>
                    <name>And I Enter invalid email address with at least @ symbol #!@###</name>
                    <title>And I Enter invalid email address with at least @ symbol #!@###</title>
                    <attachments/>
                    <steps/>
                </step>
                <step start='1663719597547' status='failed' stop='1663719599737'>
                    <name>Then I Verify error is displayed Enter a valid email address</name>
                    <title>Then I Verify error is displayed Enter a valid email address</title>
                    <attachments>
                        <attachment title='Screenshot' source='bfdd0160-277c-45bd-911a-dc9116570cfa-attachment.png' type='image/png' size='71865'/>
                    </attachments>
                    <steps/>
                </step>
            </steps>
            <attachments/>
            <failure>
                <message>AssertionError: Error Message is Not Displayed: expected false to be true</message>
                <stack-trace>AssertionError: Error Message is Not Displayed: expected false to be true
                    + expected - actual
                
                    -false
                    +true
                
                    at World.&lt;anonymous> (/Users/ron-coding/Documents/git/Js-Summer-Cucumber-2022/step-definitions/z-stepDef-Sprint1/HomepageS1SD.js:211:72)</stack-trace>
            </failure>
        </test-case>
    </test-cases>
</ns2:test-suite>