<?xml version='1.0'?>
<ns2:test-suite xmlns:ns2='urn:model.allure.qatools.yandex.ru' start='1662608035357' stop='1662608040625'>
    <name>Darksky Final Test</name>
    <title>Darksky Final Test</title>
    <test-cases>
        <test-case start='1662608035530' status='failed' stop='1662608040624'>
            <name>Verify DarkSky 2 Hour Gaps</name>
            <title>Verify DarkSky 2 Hour Gaps</title>
            <labels>
                <label name='language' value='javascript'/>
                <label name='framework' value='wdio'/>
                <label name='thread' value='0-1'/>
            </labels>
            <parameters>
                <parameter kind='argument' name='browser' value='chrome-105.0.5195.102'/>
            </parameters>
            <steps>
                <step start='1662608035532' status='passed' stop='1662608040313'>
                    <name>Given I am on darksky.net123</name>
                    <title>Given I am on darksky.net123</title>
                    <attachments/>
                    <steps/>
                </step>
                <step start='1662608040313' status='failed' stop='1662608040624'>
                    <name>Then I Verify timeline has 12-data points with 2 hours gap from current hour</name>
                    <title>Then I Verify timeline has 12-data points with 2 hours gap from current hour</title>
                    <attachments>
                        <attachment title='Screenshot' source='3fe51637-666f-4c2a-aa2f-d7e6f4eadc91-attachment.png' type='image/png' size='428808'/>
                    </attachments>
                    <steps/>
                </step>
            </steps>
            <attachments/>
            <failure>
                <message>AssertionError: temp not matching: expected '1am' to equal Moment&lt;Invalid date></message>
                <stack-trace>AssertionError: temp not matching: expected '1am' to equal Moment&lt;Invalid date>
                    at World.&lt;anonymous> (/Users/ron-coding/Documents/git/Js-Summer-Cucumber-2022/step-definitions/Darksky/DarkskyTestSD.js:27:52)
                    at processTicksAndRejections (node:internal/process/task_queues:96:5)</stack-trace>
            </failure>
        </test-case>
    </test-cases>
</ns2:test-suite>