<?xml version='1.0'?>
<ns2:test-suite xmlns:ns2='urn:model.allure.qatools.yandex.ru' start='1663802800580' stop='1663802822760'>
    <name>HomepageS1 Test</name>
    <title>HomepageS1 Test</title>
    <test-cases>
        <test-case start='1663802800636' status='failed' stop='1663802822759'>
            <name>Verify error is displayed when user submits the empty feedback form</name>
            <title>Verify error is displayed when user submits the empty feedback form</title>
            <labels>
                <label name='language' value='javascript'/>
                <label name='framework' value='wdio'/>
                <label name='thread' value='1-10'/>
            </labels>
            <parameters>
                <parameter kind='argument' name='browser' value='firefox-104.0.1'/>
            </parameters>
            <steps>
                <step start='1663802800638' status='passed' stop='1663802812143'>
                    <name>Given I am on Hotels.com home page0211</name>
                    <title>Given I am on Hotels.com home page0211</title>
                    <attachments/>
                    <steps/>
                </step>
                <step start='1663802812143' status='passed' stop='1663802813453'>
                    <name>When I Click Sign in link</name>
                    <title>When I Click Sign in link</title>
                    <attachments/>
                    <steps/>
                </step>
                <step start='1663802813453' status='passed' stop='1663802815640'>
                    <name>And I Click “Feedback” And Open PAge In New Tab</name>
                    <title>And I Click “Feedback” And Open PAge In New Tab</title>
                    <attachments/>
                    <steps/>
                </step>
                <step start='1663802815641' status='passed' stop='1663802822477'>
                    <name>And I Click on Submit button02</name>
                    <title>And I Click on Submit button02</title>
                    <attachments/>
                    <steps/>
                </step>
                <step start='1663802822477' status='failed' stop='1663802822759'>
                    <name>Then I Verify error message is displayed "Please fill in the required information highlighted below."</name>
                    <title>Then I Verify error message is displayed "Please fill in the required information highlighted below."</title>
                    <attachments>
                        <attachment title='Screenshot' source='365023c0-54b7-4133-9ea2-3ffdc2352938-attachment.png' type='image/png' size='110390'/>
                    </attachments>
                    <steps/>
                </step>
            </steps>
            <attachments/>
            <failure>
                <message>AssertionError: Error Message is Not Displayed: expected true to be false</message>
                <stack-trace>AssertionError: Error Message is Not Displayed: expected true to be false
                    + expected - actual
                
                    -true
                    +false
                
                    at World.&lt;anonymous> (/Users/ron-coding/Documents/git/Js-Summer-Cucumber-2022/step-definitions/z-stepDef-Sprint1/HomepageS1SD.js:325:69)
                    at processTicksAndRejections (node:internal/process/task_queues:96:5)</stack-trace>
            </failure>
        </test-case>
    </test-cases>
</ns2:test-suite>