<?xml version='1.0'?>
<ns2:test-suite xmlns:ns2='urn:model.allure.qatools.yandex.ru' start='1662603802566' stop='1662603816972'>
    <name>Darksky Final Test</name>
    <title>Darksky Final Test</title>
    <test-cases>
        <test-case start='1662603802931' status='failed' stop='1662603816969'>
            <name>Verify DarkSky Test 2</name>
            <title>Verify DarkSky Test 2</title>
            <labels>
                <label name='language' value='javascript'/>
                <label name='framework' value='wdio'/>
                <label name='thread' value='0-1'/>
            </labels>
            <parameters>
                <parameter kind='argument' name='browser' value='chrome-105.0.5195.102'/>
            </parameters>
            <steps>
                <step start='1662603802934' status='passed' stop='1662603810428'>
                    <name>Given I am on darksky.net1234</name>
                    <title>Given I am on darksky.net1234</title>
                    <attachments/>
                    <steps/>
                </step>
                <step start='1662603810428' status='passed' stop='1662603813488'>
                    <name>When I Scroll to Today's timeline</name>
                    <title>When I Scroll to Today's timeline</title>
                    <attachments/>
                    <steps/>
                </step>
                <step start='1662603813488' status='passed' stop='1662603816570'>
                    <name>And I Click on plus button</name>
                    <title>And I Click on plus button</title>
                    <attachments/>
                    <steps/>
                </step>
                <step start='1662603816570' status='failed' stop='1662603816969'>
                    <name>Then I Verify minTemp on and in Today's timeline is same</name>
                    <title>Then I Verify minTemp on and in Today's timeline is same</title>
                    <attachments>
                        <attachment title='Screenshot' source='88f7805c-0fda-4abc-b7ad-306c0754f09b-attachment.png' type='image/png' size='79535'/>
                    </attachments>
                    <steps/>
                </step>
                <step start='1662603816969' status='canceled' stop='1662603816970'>
                    <name>Then I Verify maxTemp on and in Today's timeline is same</name>
                    <title>Then I Verify maxTemp on and in Today's timeline is same</title>
                    <attachments/>
                    <steps/>
                </step>
            </steps>
            <attachments/>
            <failure>
                <message>AssertionError: temp not matching: expected Promise{…} to equal Promise{…}</message>
                <stack-trace>AssertionError: temp not matching: expected Promise{…} to equal Promise{…}
                    + expected - actual
                
                
                    at World.&lt;anonymous> (/Users/ron-coding/Documents/git/Js-Summer-Cucumber-2022/step-definitions/Darksky/DarkskyTestSD.js:68:61)
                    at processTicksAndRejections (node:internal/process/task_queues:96:5)</stack-trace>
            </failure>
        </test-case>
    </test-cases>
</ns2:test-suite>