<?xml version='1.0'?>
<ns2:test-suite xmlns:ns2='urn:model.allure.qatools.yandex.ru' start='1662600037079' stop='1662600042248'>
    <name>Darksky Final Test</name>
    <title>Darksky Final Test</title>
    <test-cases>
        <test-case start='1662600038205' status='failed' stop='1662600042246'>
            <name>Verify DarkSky 2 Hour Gaps</name>
            <title>Verify DarkSky 2 Hour Gaps</title>
            <labels>
                <label name='language' value='javascript'/>
                <label name='framework' value='wdio'/>
                <label name='thread' value='1-1'/>
            </labels>
            <parameters>
                <parameter kind='argument' name='browser' value='firefox-104.0.1'/>
            </parameters>
            <steps>
                <step start='1662600038258' status='passed' stop='1662600041942'>
                    <name>Given I am on darksky.net123</name>
                    <title>Given I am on darksky.net123</title>
                    <attachments/>
                    <steps/>
                </step>
                <step start='1662600041942' status='failed' stop='1662600042246'>
                    <name>Then I Verify timeline has 12-data points with 2 hours gap from current hour</name>
                    <title>Then I Verify timeline has 12-data points with 2 hours gap from current hour</title>
                    <attachments>
                        <attachment title='Screenshot' source='aee4869b-2321-47f8-87fb-7d3067af508d-attachment.png' type='image/png' size='430833'/>
                    </attachments>
                    <steps/>
                </step>
            </steps>
            <attachments/>
            <failure>
                <message>AssertionError: Not equal: expected Promise{…} to deeply equal '092'</message>
                <stack-trace>AssertionError: Not equal: expected Promise{…} to deeply equal '092'
                    at World.&lt;anonymous> (/Users/ron-coding/Documents/git/Js-Summer-Cucumber-2022/step-definitions/Darksky/DarkskyTestSD.js:23:44)
                    at processTicksAndRejections (node:internal/process/task_queues:96:5)</stack-trace>
            </failure>
        </test-case>
    </test-cases>
</ns2:test-suite>