<?xml version='1.0'?>
<ns2:test-suite xmlns:ns2='urn:model.allure.qatools.yandex.ru' start='1663720430461' stop='1663720449347'>
    <name>HomepageS1 Test</name>
    <title>HomepageS1 Test</title>
    <test-cases>
        <test-case start='1663720430601' status='failed' stop='1663720449346'>
            <name>Verify TermsAndConditions link and PrivacyStatements link open correct page on new tab</name>
            <title>Verify TermsAndConditions link and PrivacyStatements link open correct page on new tab</title>
            <labels>
                <label name='language' value='javascript'/>
                <label name='framework' value='wdio'/>
                <label name='thread' value='1-10'/>
            </labels>
            <parameters>
                <parameter kind='argument' name='browser' value='firefox-104.0.1'/>
            </parameters>
            <steps>
                <step start='1663720430606' status='passed' stop='1663720439126'>
                    <name>Given I am on Hotels.com home page0211</name>
                    <title>Given I am on Hotels.com home page0211</title>
                    <attachments/>
                    <steps/>
                </step>
                <step start='1663720439127' status='passed' stop='1663720440452'>
                    <name>When I Click Sign in link</name>
                    <title>When I Click Sign in link</title>
                    <attachments/>
                    <steps/>
                </step>
                <step start='1663720440452' status='passed' stop='1663720444262'>
                    <name>And I Click Sign up link</name>
                    <title>And I Click Sign up link</title>
                    <attachments/>
                    <steps/>
                </step>
                <step start='1663720444262' status='passed' stop='1663720446134'>
                    <name>And I Enter invalid email address with at least @ symbol #!@###</name>
                    <title>And I Enter invalid email address with at least @ symbol #!@###</title>
                    <attachments/>
                    <steps/>
                </step>
                <step start='1663720446134' status='passed' stop='1663720447180'>
                    <name>Then I Verify error is displayed Enter a valid email address</name>
                    <title>Then I Verify error is displayed Enter a valid email address</title>
                    <attachments/>
                    <steps/>
                </step>
                <step start='1663720447180' status='passed' stop='1663720448160'>
                    <name>And I Enter invalid first name !@</name>
                    <title>And I Enter invalid first name !@</title>
                    <attachments/>
                    <steps/>
                </step>
                <step start='1663720448161' status='failed' stop='1663720449346'>
                    <name>Then I Verify error is displayed First name cannot contain special characters</name>
                    <title>Then I Verify error is displayed First name cannot contain special characters</title>
                    <attachments>
                        <attachment title='Screenshot' source='934020b0-3a9a-454b-8912-8d9c71589abf-attachment.png' type='image/png' size='77853'/>
                    </attachments>
                    <steps/>
                </step>
            </steps>
            <attachments/>
            <failure>
                <message>AssertionError: Error Message is Not Displayed: expected true to be false</message>
                <stack-trace>AssertionError: Error Message is Not Displayed: expected true to be false
                    + expected - actual
                
                    -true
                    +false
                
                    at World.&lt;anonymous> (/Users/ron-coding/Documents/git/Js-Summer-Cucumber-2022/step-definitions/z-stepDef-Sprint1/HomepageS1SD.js:228:72)</stack-trace>
            </failure>
        </test-case>
    </test-cases>
</ns2:test-suite>