<?xml version='1.0'?>
<ns2:test-suite xmlns:ns2='urn:model.allure.qatools.yandex.ru' start='1663717945763' stop='1663717965947'>
    <name>HomepageS1 Test</name>
    <title>HomepageS1 Test</title>
    <test-cases>
        <test-case start='1663717945838' status='failed' stop='1663717965946'>
            <name>Verify TermsAndConditions link and PrivacyStatements link open correct page on new tab</name>
            <title>Verify TermsAndConditions link and PrivacyStatements link open correct page on new tab</title>
            <labels>
                <label name='language' value='javascript'/>
                <label name='framework' value='wdio'/>
                <label name='thread' value='1-10'/>
            </labels>
            <parameters>
                <parameter kind='argument' name='browser' value='firefox-104.0.1'/>
            </parameters>
            <steps>
                <step start='1663717945841' status='passed' stop='1663717954374'>
                    <name>Given I am on Hotels.com home page0211</name>
                    <title>Given I am on Hotels.com home page0211</title>
                    <attachments/>
                    <steps/>
                </step>
                <step start='1663717954374' status='passed' stop='1663717955661'>
                    <name>When I Click Sign in link</name>
                    <title>When I Click Sign in link</title>
                    <attachments/>
                    <steps/>
                </step>
                <step start='1663717955661' status='passed' stop='1663717958194'>
                    <name>And I click Sign in</name>
                    <title>And I click Sign in</title>
                    <attachments/>
                    <steps/>
                </step>
                <step start='1663717958194' status='passed' stop='1663717958905'>
                    <name>And I Enter invalid email address0211</name>
                    <title>And I Enter invalid email address0211</title>
                    <attachments/>
                    <steps/>
                </step>
                <step start='1663717958905' status='passed' stop='1663717959494'>
                    <name>And I Enter invalid password</name>
                    <title>And I Enter invalid password</title>
                    <attachments/>
                    <steps/>
                </step>
                <step start='1663717959495' status='passed' stop='1663717964773'>
                    <name>And I Click on Sign in button</name>
                    <title>And I Click on Sign in button</title>
                    <attachments/>
                    <steps/>
                </step>
                <step start='1663717964773' status='failed' stop='1663717965946'>
                    <name>Then I Verify Verification message is displayed.</name>
                    <title>Then I Verify Verification message is displayed.</title>
                    <attachments>
                        <attachment title='Screenshot' source='de1ad9cb-6af2-4271-ae31-0ca24b41d06b-attachment.png' type='image/png' size='73678'/>
                    </attachments>
                    <steps/>
                </step>
            </steps>
            <attachments/>
            <failure>
                <message>AssertionError: Privacy Statement should have opened a new window: expected true to be false</message>
                <stack-trace>AssertionError: Privacy Statement should have opened a new window: expected true to be false
                    + expected - actual
                
                    -true
                    +false
                
                    at World.&lt;anonymous> (/Users/ron-coding/Documents/git/Js-Summer-Cucumber-2022/step-definitions/z-stepDef-Sprint1/HomepageS1SD.js:171:91)</stack-trace>
            </failure>
        </test-case>
    </test-cases>
</ns2:test-suite>