<?xml version='1.0'?>
<ns2:test-suite xmlns:ns2='urn:model.allure.qatools.yandex.ru' start='1663895188009' stop='1663895211162'>
    <name>HomepageS1 Test</name>
    <title>HomepageS1 Test</title>
    <test-cases>
        <test-case start='1663895188115' status='failed' stop='1663895211158'>
            <name>Verify Child-age dropdowns are same as number of Children selected</name>
            <title>Verify Child-age dropdowns are same as number of Children selected</title>
            <labels>
                <label name='language' value='javascript'/>
                <label name='framework' value='wdio'/>
                <label name='thread' value='0-10'/>
            </labels>
            <parameters>
                <parameter kind='argument' name='browser' value='chrome-105.0.5195.125'/>
            </parameters>
            <steps>
                <step start='1663895188118' status='passed' stop='1663895196866'>
                    <name>Given I am on Hotels.com home page0211</name>
                    <title>Given I am on Hotels.com home page0211</title>
                    <attachments/>
                    <steps/>
                </step>
                <step start='1663895196866' status='passed' stop='1663895198903'>
                    <name>When I Click on Travelers</name>
                    <title>When I Click on Travelers</title>
                    <attachments/>
                    <steps/>
                </step>
                <step start='1663895198903' status='passed' stop='1663895199433'>
                    <name>And I Select “Children” as 2</name>
                    <title>And I Select “Children” as 2</title>
                    <attachments/>
                    <steps/>
                </step>
                <step start='1663895199433' status='passed' stop='1663895201646'>
                    <name>Then I Verify Children-age dropdown are 2</name>
                    <title>Then I Verify Children-age dropdown are 2</title>
                    <attachments/>
                    <steps/>
                </step>
                <step start='1663895201646' status='passed' stop='1663895202666'>
                    <name>And I Verify Plus-button is enabled</name>
                    <title>And I Verify Plus-button is enabled</title>
                    <attachments/>
                    <steps/>
                </step>
                <step start='1663895202666' status='passed' stop='1663895203725'>
                    <name>And I Verify minus-button is enabled</name>
                    <title>And I Verify minus-button is enabled</title>
                    <attachments/>
                    <steps/>
                </step>
                <step start='1663895203725' status='passed' stop='1663895205439'>
                    <name>When I Select “Children” as 6</name>
                    <title>When I Select “Children” as 6</title>
                    <attachments/>
                    <steps/>
                </step>
                <step start='1663895205439' status='failed' stop='1663895211158'>
                    <name>Then I Verify Children-age dropdown are 6</name>
                    <title>Then I Verify Children-age dropdown are 6</title>
                    <attachments>
                        <attachment title='Screenshot' source='b0ddaaa2-faa9-4077-96ba-c404c8070310-attachment.png' type='image/png' size='624761'/>
                    </attachments>
                    <steps/>
                </step>
                <step start='1663895211158' status='canceled' stop='1663895211159'>
                    <name>And I Verify Plus button is disabled</name>
                    <title>And I Verify Plus button is disabled</title>
                    <attachments/>
                    <steps/>
                </step>
                <step start='1663895211159' status='canceled' stop='1663895211159'>
                    <name>And I Verify minus-button is enabled02</name>
                    <title>And I Verify minus-button is enabled02</title>
                    <attachments/>
                    <steps/>
                </step>
                <step start='1663895211159' status='canceled' stop='1663895211159'>
                    <name>When I Select “Children” as 5</name>
                    <title>When I Select “Children” as 5</title>
                    <attachments/>
                    <steps/>
                </step>
                <step start='1663895211159' status='canceled' stop='1663895211159'>
                    <name>Then I Verify Children-age dropdown are 5</name>
                    <title>Then I Verify Children-age dropdown are 5</title>
                    <attachments/>
                    <steps/>
                </step>
                <step start='1663895211159' status='canceled' stop='1663895211159'>
                    <name>And I Verify Plus button is enabled</name>
                    <title>And I Verify Plus button is enabled</title>
                    <attachments/>
                    <steps/>
                </step>
                <step start='1663895211159' status='canceled' stop='1663895211159'>
                    <name>And I Verify minus-button is enabled03</name>
                    <title>And I Verify minus-button is enabled03</title>
                    <attachments/>
                    <steps/>
                </step>
                <step start='1663895211159' status='canceled' stop='1663895211159'>
                    <name>When I Select “Children” as 0</name>
                    <title>When I Select “Children” as 0</title>
                    <attachments/>
                    <steps/>
                </step>
                <step start='1663895211159' status='canceled' stop='1663895211160'>
                    <name>Then I Verify Children-age dropdown is NOT displayed</name>
                    <title>Then I Verify Children-age dropdown is NOT displayed</title>
                    <attachments/>
                    <steps/>
                </step>
                <step start='1663895211160' status='canceled' stop='1663895211160'>
                    <name>And I Verify Plus button is enabled02</name>
                    <title>And I Verify Plus button is enabled02</title>
                    <attachments/>
                    <steps/>
                </step>
                <step start='1663895211160' status='canceled' stop='1663895211160'>
                    <name>And I Verify minus-button is disabled04</name>
                    <title>And I Verify minus-button is disabled04</title>
                    <attachments/>
                    <steps/>
                </step>
            </steps>
            <attachments/>
            <failure>
                <message>AssertionError: Child 1 Is Not Displayed: expected true to be false</message>
                <stack-trace>AssertionError: Child 1 Is Not Displayed: expected true to be false
                    + expected - actual
                
                    -true
                    +false
                
                    at HomepageS1Test.verifyChildrenAged6ropdown (/Users/ron-coding/Documents/git/Js-Summer-Cucumber-2022/Pages/Z-Pages-Sprint1/HomepageS1Test.js:157:78)
                    at processTicksAndRejections (node:internal/process/task_queues:96:5)
                    at async World.&lt;anonymous> (/Users/ron-coding/Documents/git/Js-Summer-Cucumber-2022/step-definitions/z-stepDef-Sprint1/HomepageS1SD.js:155:5)</stack-trace>
            </failure>
        </test-case>
    </test-cases>
</ns2:test-suite>