<?xml version='1.0'?>
<ns2:test-suite xmlns:ns2='urn:model.allure.qatools.yandex.ru' start='1663888574496' stop='1663888612574'>
    <name>HomepageS1 Test</name>
    <title>HomepageS1 Test</title>
    <test-cases>
        <test-case start='1663888574920' status='failed' stop='1663888612572'>
            <name>Verify error is displayed when user submits the empty feedback form</name>
            <title>Verify error is displayed when user submits the empty feedback form</title>
            <labels>
                <label name='language' value='javascript'/>
                <label name='framework' value='wdio'/>
                <label name='thread' value='1-10'/>
            </labels>
            <parameters>
                <parameter kind='argument' name='browser' value='firefox-104.0.1'/>
            </parameters>
            <steps>
                <step start='1663888574923' status='passed' stop='1663888584506'>
                    <name>Given I am on Hotels.com home page0211</name>
                    <title>Given I am on Hotels.com home page0211</title>
                    <attachments/>
                    <steps/>
                </step>
                <step start='1663888584506' status='passed' stop='1663888585852'>
                    <name>When I Click on Travelers</name>
                    <title>When I Click on Travelers</title>
                    <attachments/>
                    <steps/>
                </step>
                <step start='1663888585852' status='passed' stop='1663888587350'>
                    <name>And I Select “Children” as 2</name>
                    <title>And I Select “Children” as 2</title>
                    <attachments/>
                    <steps/>
                </step>
                <step start='1663888587350' status='passed' stop='1663888589429'>
                    <name>Then I Verify Children-age dropdown are 2</name>
                    <title>Then I Verify Children-age dropdown are 2</title>
                    <attachments/>
                    <steps/>
                </step>
                <step start='1663888589429' status='passed' stop='1663888590455'>
                    <name>And I Verify Plus-button is enabled</name>
                    <title>And I Verify Plus-button is enabled</title>
                    <attachments/>
                    <steps/>
                </step>
                <step start='1663888590455' status='passed' stop='1663888591488'>
                    <name>And I Verify minus-button is enabled</name>
                    <title>And I Verify minus-button is enabled</title>
                    <attachments/>
                    <steps/>
                </step>
                <step start='1663888591488' status='passed' stop='1663888593478'>
                    <name>When I Select “Children” as 6</name>
                    <title>When I Select “Children” as 6</title>
                    <attachments/>
                    <steps/>
                </step>
                <step start='1663888593478' status='passed' stop='1663888599628'>
                    <name>Then I Verify Children-age dropdown are 6</name>
                    <title>Then I Verify Children-age dropdown are 6</title>
                    <attachments/>
                    <steps/>
                </step>
                <step start='1663888599628' status='passed' stop='1663888600650'>
                    <name>And I Verify Plus button is disabled</name>
                    <title>And I Verify Plus button is disabled</title>
                    <attachments/>
                    <steps/>
                </step>
                <step start='1663888600651' status='passed' stop='1663888601672'>
                    <name>And I Verify minus-button is enabled02</name>
                    <title>And I Verify minus-button is enabled02</title>
                    <attachments/>
                    <steps/>
                </step>
                <step start='1663888601672' status='passed' stop='1663888602919'>
                    <name>When I Select “Children” as 5</name>
                    <title>When I Select “Children” as 5</title>
                    <attachments/>
                    <steps/>
                </step>
                <step start='1663888602920' status='passed' stop='1663888608029'>
                    <name>Then I Verify Children-age dropdown are 5</name>
                    <title>Then I Verify Children-age dropdown are 5</title>
                    <attachments/>
                    <steps/>
                </step>
                <step start='1663888608030' status='passed' stop='1663888609045'>
                    <name>And I Verify Plus button is enabled</name>
                    <title>And I Verify Plus button is enabled</title>
                    <attachments/>
                    <steps/>
                </step>
                <step start='1663888609045' status='passed' stop='1663888610068'>
                    <name>And I Verify minus-button is enabled03</name>
                    <title>And I Verify minus-button is enabled03</title>
                    <attachments/>
                    <steps/>
                </step>
                <step start='1663888610068' status='passed' stop='1663888612250'>
                    <name>When I Select “Children” as 0</name>
                    <title>When I Select “Children” as 0</title>
                    <attachments/>
                    <steps/>
                </step>
                <step start='1663888612250' status='failed' stop='1663888612572'>
                    <name>Then I Verify Children-age dropdown is NOT displayed</name>
                    <title>Then I Verify Children-age dropdown is NOT displayed</title>
                    <attachments>
                        <attachment title='Screenshot' source='ab299048-8cf0-4694-b28c-67c965e228ee-attachment.png' type='image/png' size='836976'/>
                    </attachments>
                    <steps/>
                </step>
            </steps>
            <attachments/>
            <failure>
                <message>AssertionError: Child 1 Is Not Displayed: expected false to be true</message>
                <stack-trace>AssertionError: Child 1 Is Not Displayed: expected false to be true
                    + expected - actual
                
                    -false
                    +true
                
                    at World.&lt;anonymous> (/Users/ron-coding/Documents/git/Js-Summer-Cucumber-2022/step-definitions/z-stepDef-Sprint1/HomepageS1SD.js:616:74)
                    at processTicksAndRejections (node:internal/process/task_queues:96:5)</stack-trace>
            </failure>
        </test-case>
    </test-cases>
</ns2:test-suite>