<?xml version='1.0'?>
<ns2:test-suite xmlns:ns2='urn:model.allure.qatools.yandex.ru' start='1662595681817' stop='1662595693273'>
    <name>Hotels Test Feature</name>
    <title>Hotels Test Feature</title>
    <test-cases>
        <test-case start='1662595682006' status='failed' stop='1662595693272'>
            <name>Verify Hotels Rewards Feature</name>
            <title>Verify Hotels Rewards Feature</title>
            <labels>
                <label name='language' value='javascript'/>
                <label name='framework' value='wdio'/>
                <label name='thread' value='1-6'/>
            </labels>
            <parameters>
                <parameter kind='argument' name='browser' value='firefox-104.0.1'/>
            </parameters>
            <steps>
                <step start='1662595682008' status='passed' stop='1662595688994'>
                    <name>Given I am on hotels homepage123</name>
                    <title>Given I am on hotels homepage123</title>
                    <attachments/>
                    <steps/>
                </step>
                <step start='1662595688994' status='passed' stop='1662595690109'>
                    <name>When I Click on Learn about Hotels.com Rewards</name>
                    <title>When I Click on Learn about Hotels.com Rewards</title>
                    <attachments/>
                    <steps/>
                </step>
                <step start='1662595690109' status='passed' stop='1662595690241'>
                    <name>Then I verify Hotels Rewards opened in a new window</name>
                    <title>Then I verify Hotels Rewards opened in a new window</title>
                    <attachments/>
                    <steps/>
                </step>
                <step start='1662595690242' status='passed' stop='1662595693083'>
                    <name>When I Click on Join Now</name>
                    <title>When I Click on Join Now</title>
                    <attachments/>
                    <steps/>
                </step>
                <step start='1662595693083' status='failed' stop='1662595693272'>
                    <name>Then I Verify Form is blank123</name>
                    <title>Then I Verify Form is blank123</title>
                    <attachments>
                        <attachment title='Screenshot' source='605b0cff-24c2-4a7a-9183-c775aa110c48-attachment.png' type='image/png' size='70486'/>
                    </attachments>
                    <steps/>
                </step>
            </steps>
            <attachments/>
            <failure>
                <message>AssertionError: Value not blank: expected 'Email address' to equal ''</message>
                <stack-trace>AssertionError: Value not blank: expected 'Email address' to equal ''
                    + expected - actual
                
                    -Email address
                
                    at World.&lt;anonymous> (/Users/ron-coding/Documents/git/Js-Summer-Cucumber-2022/step-definitions/Hotels/rewardsSD.js:45:46)
                    at processTicksAndRejections (node:internal/process/task_queues:96:5)</stack-trace>
            </failure>
        </test-case>
    </test-cases>
</ns2:test-suite>