<?xml version='1.0'?>
<ns2:test-suite xmlns:ns2='urn:model.allure.qatools.yandex.ru' start='1663886954422' stop='1663886981188'>
    <name>HomepageS1 Test</name>
    <title>HomepageS1 Test</title>
    <test-cases>
        <test-case start='1663886955018' status='failed' stop='1663886981184'>
            <name>Verify error is displayed when user submits the empty feedback form</name>
            <title>Verify error is displayed when user submits the empty feedback form</title>
            <labels>
                <label name='language' value='javascript'/>
                <label name='framework' value='wdio'/>
                <label name='thread' value='1-10'/>
            </labels>
            <parameters>
                <parameter kind='argument' name='browser' value='firefox-104.0.1'/>
            </parameters>
            <steps>
                <step start='1663886955060' status='passed' stop='1663886965124'>
                    <name>Given I am on Hotels.com home page0211</name>
                    <title>Given I am on Hotels.com home page0211</title>
                    <attachments/>
                    <steps/>
                </step>
                <step start='1663886965124' status='passed' stop='1663886966398'>
                    <name>When I Click on Travelers</name>
                    <title>When I Click on Travelers</title>
                    <attachments/>
                    <steps/>
                </step>
                <step start='1663886966398' status='passed' stop='1663886967948'>
                    <name>And I Select “Children” as 2</name>
                    <title>And I Select “Children” as 2</title>
                    <attachments/>
                    <steps/>
                </step>
                <step start='1663886967948' status='passed' stop='1663886970035'>
                    <name>Then I Verify Children-age dropdown are 2</name>
                    <title>Then I Verify Children-age dropdown are 2</title>
                    <attachments/>
                    <steps/>
                </step>
                <step start='1663886970035' status='passed' stop='1663886971064'>
                    <name>And I Verify Plus-button is enabled</name>
                    <title>And I Verify Plus-button is enabled</title>
                    <attachments/>
                    <steps/>
                </step>
                <step start='1663886971065' status='passed' stop='1663886972102'>
                    <name>And I Verify minus-button is enabled</name>
                    <title>And I Verify minus-button is enabled</title>
                    <attachments/>
                    <steps/>
                </step>
                <step start='1663886972102' status='passed' stop='1663886974202'>
                    <name>When I Select “Children” as 6</name>
                    <title>When I Select “Children” as 6</title>
                    <attachments/>
                    <steps/>
                </step>
                <step start='1663886974202' status='passed' stop='1663886980395'>
                    <name>Then I Verify Children-age dropdown are 6</name>
                    <title>Then I Verify Children-age dropdown are 6</title>
                    <attachments/>
                    <steps/>
                </step>
                <step start='1663886980396' status='failed' stop='1663886981184'>
                    <name>And I Verify Plus button is disabled</name>
                    <title>And I Verify Plus button is disabled</title>
                    <attachments>
                        <attachment title='Screenshot' source='db2e974b-1eeb-4fb5-ba92-5cc63e1b3cba-attachment.png' type='image/png' size='767456'/>
                    </attachments>
                    <steps/>
                </step>
                <step start='1663886981185' status='canceled' stop='1663886981185'>
                    <name>And I Verify Plus-button is enabled</name>
                    <title>And I Verify Plus-button is enabled</title>
                    <attachments/>
                    <steps/>
                </step>
            </steps>
            <attachments/>
            <failure>
                <message>AssertionError: Plus Button Is Not Enabled: expected false to be true</message>
                <stack-trace>AssertionError: Plus Button Is Not Enabled: expected false to be true
                    + expected - actual
                
                    -false
                    +true
                
                    at World.&lt;anonymous> (/Users/ron-coding/Documents/git/Js-Summer-Cucumber-2022/step-definitions/z-stepDef-Sprint1/HomepageS1SD.js:539:66)
                    at processTicksAndRejections (node:internal/process/task_queues:96:5)</stack-trace>
            </failure>
        </test-case>
    </test-cases>
</ns2:test-suite>