<?xml version='1.0'?>
<ns2:test-suite xmlns:ns2='urn:model.allure.qatools.yandex.ru' start='1662603726760' stop='1662603739856'>
    <name>Darksky Final Test</name>
    <title>Darksky Final Test</title>
    <test-cases>
        <test-case start='1662603726916' status='failed' stop='1662603739855'>
            <name>Verify DarkSky Test 2</name>
            <title>Verify DarkSky Test 2</title>
            <labels>
                <label name='language' value='javascript'/>
                <label name='framework' value='wdio'/>
                <label name='thread' value='1-1'/>
            </labels>
            <parameters>
                <parameter kind='argument' name='browser' value='firefox-104.0.1'/>
            </parameters>
            <steps>
                <step start='1662603726919' status='passed' stop='1662603733382'>
                    <name>Given I am on darksky.net1234</name>
                    <title>Given I am on darksky.net1234</title>
                    <attachments/>
                    <steps/>
                </step>
                <step start='1662603733382' status='passed' stop='1662603736443'>
                    <name>When I Scroll to Today's timeline</name>
                    <title>When I Scroll to Today's timeline</title>
                    <attachments/>
                    <steps/>
                </step>
                <step start='1662603736443' status='passed' stop='1662603739710'>
                    <name>And I Click on plus button</name>
                    <title>And I Click on plus button</title>
                    <attachments/>
                    <steps/>
                </step>
                <step start='1662603739710' status='failed' stop='1662603739855'>
                    <name>Then I Verify minTemp on and in Today's timeline is same</name>
                    <title>Then I Verify minTemp on and in Today's timeline is same</title>
                    <attachments>
                        <attachment title='Screenshot' source='dccf36f8-dcad-4611-bd90-68314bd2273e-attachment.png' type='image/png' size='93081'/>
                    </attachments>
                    <steps/>
                </step>
                <step start='1662603739855' status='canceled' stop='1662603739855'>
                    <name>Then I Verify maxTemp on and in Today's timeline is same</name>
                    <title>Then I Verify maxTemp on and in Today's timeline is same</title>
                    <attachments/>
                    <steps/>
                </step>
            </steps>
            <attachments/>
            <failure>
                <message>AssertionError: temp not matching: expected Promise{…} to equal Promise{…}</message>
                <stack-trace>AssertionError: temp not matching: expected Promise{…} to equal Promise{…}
                    + expected - actual
                
                
                    at World.&lt;anonymous> (/Users/ron-coding/Documents/git/Js-Summer-Cucumber-2022/step-definitions/Darksky/DarkskyTestSD.js:68:67)
                    at processTicksAndRejections (node:internal/process/task_queues:96:5)</stack-trace>
            </failure>
        </test-case>
    </test-cases>
</ns2:test-suite>