<?xml version='1.0'?>
<ns2:test-suite xmlns:ns2='urn:model.allure.qatools.yandex.ru' start='1663803060601' stop='1663803081353'>
    <name>HomepageS1 Test</name>
    <title>HomepageS1 Test</title>
    <test-cases>
        <test-case start='1663803060924' status='failed' stop='1663803081352'>
            <name>Verify error is displayed when user submits the empty feedback form</name>
            <title>Verify error is displayed when user submits the empty feedback form</title>
            <labels>
                <label name='language' value='javascript'/>
                <label name='framework' value='wdio'/>
                <label name='thread' value='1-10'/>
            </labels>
            <parameters>
                <parameter kind='argument' name='browser' value='firefox-104.0.1'/>
            </parameters>
            <steps>
                <step start='1663803060936' status='passed' stop='1663803072758'>
                    <name>Given I am on Hotels.com home page0211</name>
                    <title>Given I am on Hotels.com home page0211</title>
                    <attachments/>
                    <steps/>
                </step>
                <step start='1663803072758' status='passed' stop='1663803074101'>
                    <name>When I Click Sign in link</name>
                    <title>When I Click Sign in link</title>
                    <attachments/>
                    <steps/>
                </step>
                <step start='1663803074102' status='passed' stop='1663803076397'>
                    <name>And I Click “Feedback” And Open PAge In New Tab</name>
                    <title>And I Click “Feedback” And Open PAge In New Tab</title>
                    <attachments/>
                    <steps/>
                </step>
                <step start='1663803076397' status='passed' stop='1663803081213'>
                    <name>And I Click on Submit button02</name>
                    <title>And I Click on Submit button02</title>
                    <attachments/>
                    <steps/>
                </step>
                <step start='1663803081214' status='passed' stop='1663803081274'>
                    <name>Then I Verify error message is displayed "Please fill in the required information highlighted below."</name>
                    <title>Then I Verify error message is displayed "Please fill in the required information highlighted below."</title>
                    <attachments/>
                    <steps/>
                </step>
                <step start='1663803081274' status='failed' stop='1663803081352'>
                    <name>And I Verify star boxes section is in a red dotted box.</name>
                    <title>And I Verify star boxes section is in a red dotted box.</title>
                    <attachments>
                        <attachment title='Screenshot' source='b0945887-687b-460d-9910-cf340b19e3e7-attachment.png' type='image/png' size='110390'/>
                    </attachments>
                    <steps/>
                </step>
            </steps>
            <attachments/>
            <failure>
                <message>AssertionError: Error Message is Not Displayed: expected true to be false</message>
                <stack-trace>AssertionError: Error Message is Not Displayed: expected true to be false
                    + expected - actual
                
                    -true
                    +false
                
                    at World.&lt;anonymous> (/Users/ron-coding/Documents/git/Js-Summer-Cucumber-2022/step-definitions/z-stepDef-Sprint1/HomepageS1SD.js:332:64)
                    at processTicksAndRejections (node:internal/process/task_queues:96:5)</stack-trace>
            </failure>
        </test-case>
    </test-cases>
</ns2:test-suite>