<?xml version='1.0'?>
<ns2:test-suite xmlns:ns2='urn:model.allure.qatools.yandex.ru' start='1663899918763' stop='1663899932407'>
    <name>FeedBackS1 Test</name>
    <title>FeedBackS1 Test</title>
    <test-cases>
        <test-case start='1663899919249' status='failed' stop='1663899932406'>
            <name>Verify error is displayed when user submits the empty feedback form</name>
            <title>Verify error is displayed when user submits the empty feedback form</title>
            <labels>
                <label name='language' value='javascript'/>
                <label name='framework' value='wdio'/>
                <label name='thread' value='1-10'/>
            </labels>
            <parameters>
                <parameter kind='argument' name='browser' value='firefox-104.0.1'/>
            </parameters>
            <steps>
                <step start='1663899919257' status='passed' stop='1663899928882'>
                    <name>Given I am on Hotels.com home page0222</name>
                    <title>Given I am on Hotels.com home page0222</title>
                    <attachments/>
                    <steps/>
                </step>
                <step start='1663899928882' status='passed' stop='1663899929289'>
                    <name>When I Click Sign in link01</name>
                    <title>When I Click Sign in link01</title>
                    <attachments/>
                    <steps/>
                </step>
                <step start='1663899929289' status='passed' stop='1663899929292'>
                    <name>And I Click “Feedback” And Open PAge In New Tab02</name>
                    <title>And I Click “Feedback” And Open PAge In New Tab02</title>
                    <attachments/>
                    <steps/>
                </step>
                <step start='1663899929292' status='passed' stop='1663899929293'>
                    <name>And I Click on Submit button04</name>
                    <title>And I Click on Submit button04</title>
                    <attachments/>
                    <steps/>
                </step>
                <step start='1663899929293' status='failed' stop='1663899932406'>
                    <name>Then I Verify error message is displayed 01 "Please fill in the required information highlighted below."</name>
                    <title>Then I Verify error message is displayed 01 "Please fill in the required information highlighted below."</title>
                    <attachments>
                        <attachment title='Screenshot' source='f3ee67da-7957-43cc-b33e-d415c179db47-attachment.png' type='image/png' size='27189'/>
                    </attachments>
                    <steps/>
                </step>
                <step start='1663899932406' status='canceled' stop='1663899932406'>
                    <name>And I Verify star boxes section is in a red dotted box.02</name>
                    <title>And I Verify star boxes section is in a red dotted box.02</title>
                    <attachments/>
                    <steps/>
                </step>
            </steps>
            <attachments/>
            <failure>
                <message>AssertionError: Error Message is Not Displayed: expected false to be true</message>
                <stack-trace>AssertionError: Error Message is Not Displayed: expected false to be true
                    + expected - actual
                
                    -false
                    +true
                
                    at World.&lt;anonymous> (/Users/ron-coding/Documents/git/Js-Summer-Cucumber-2022/step-definitions/z-stepDef-Sprint1/FeedBackS1SD.js:35:69)
                    at processTicksAndRejections (node:internal/process/task_queues:96:5)</stack-trace>
            </failure>
        </test-case>
    </test-cases>
</ns2:test-suite>