<?xml version='1.0'?>
<ns2:test-suite xmlns:ns2='urn:model.allure.qatools.yandex.ru' start='1663803058438' stop='1663803077871'>
    <name>HomepageS1 Test</name>
    <title>HomepageS1 Test</title>
    <test-cases>
        <test-case start='1663803058521' status='failed' stop='1663803077869'>
            <name>Verify error is displayed when user submits the empty feedback form</name>
            <title>Verify error is displayed when user submits the empty feedback form</title>
            <labels>
                <label name='language' value='javascript'/>
                <label name='framework' value='wdio'/>
                <label name='thread' value='0-10'/>
            </labels>
            <parameters>
                <parameter kind='argument' name='browser' value='chrome-105.0.5195.125'/>
            </parameters>
            <steps>
                <step start='1663803058523' status='passed' stop='1663803070074'>
                    <name>Given I am on Hotels.com home page0211</name>
                    <title>Given I am on Hotels.com home page0211</title>
                    <attachments/>
                    <steps/>
                </step>
                <step start='1663803070074' status='passed' stop='1663803071184'>
                    <name>When I Click Sign in link</name>
                    <title>When I Click Sign in link</title>
                    <attachments/>
                    <steps/>
                </step>
                <step start='1663803071184' status='passed' stop='1663803073535'>
                    <name>And I Click “Feedback” And Open PAge In New Tab</name>
                    <title>And I Click “Feedback” And Open PAge In New Tab</title>
                    <attachments/>
                    <steps/>
                </step>
                <step start='1663803073535' status='passed' stop='1663803077683'>
                    <name>And I Click on Submit button02</name>
                    <title>And I Click on Submit button02</title>
                    <attachments/>
                    <steps/>
                </step>
                <step start='1663803077683' status='passed' stop='1663803077747'>
                    <name>Then I Verify error message is displayed "Please fill in the required information highlighted below."</name>
                    <title>Then I Verify error message is displayed "Please fill in the required information highlighted below."</title>
                    <attachments/>
                    <steps/>
                </step>
                <step start='1663803077747' status='failed' stop='1663803077869'>
                    <name>And I Verify star boxes section is in a red dotted box.</name>
                    <title>And I Verify star boxes section is in a red dotted box.</title>
                    <attachments>
                        <attachment title='Screenshot' source='700ca2d2-9af0-452e-bf3c-d191e30fc8ef-attachment.png' type='image/png' size='94704'/>
                    </attachments>
                    <steps/>
                </step>
            </steps>
            <attachments/>
            <failure>
                <message>AssertionError: Error Message is Not Displayed: expected true to be false</message>
                <stack-trace>AssertionError: Error Message is Not Displayed: expected true to be false
                    + expected - actual
                
                    -true
                    +false
                
                    at World.&lt;anonymous> (/Users/ron-coding/Documents/git/Js-Summer-Cucumber-2022/step-definitions/z-stepDef-Sprint1/HomepageS1SD.js:332:64)
                    at processTicksAndRejections (node:internal/process/task_queues:96:5)</stack-trace>
            </failure>
        </test-case>
    </test-cases>
</ns2:test-suite>