<?xml version='1.0'?>
<ns2:test-suite xmlns:ns2='urn:model.allure.qatools.yandex.ru' start='1663900840109' stop='1663900851537'>
    <name>FeedBackS1 Test</name>
    <title>FeedBackS1 Test</title>
    <test-cases>
        <test-case start='1663900840180' status='failed' stop='1663900851535'>
            <name>Verify error is displayed when user submits the empty feedback form</name>
            <title>Verify error is displayed when user submits the empty feedback form</title>
            <labels>
                <label name='language' value='javascript'/>
                <label name='framework' value='wdio'/>
                <label name='thread' value='0-10'/>
            </labels>
            <parameters>
                <parameter kind='argument' name='browser' value='chrome-105.0.5195.125'/>
            </parameters>
            <steps>
                <step start='1663900840205' status='passed' stop='1663900848583'>
                    <name>Given I am on Hotels.com home page0222</name>
                    <title>Given I am on Hotels.com home page0222</title>
                    <attachments/>
                    <steps/>
                </step>
                <step start='1663900848583' status='passed' stop='1663900848992'>
                    <name>When I Click Sign in link01</name>
                    <title>When I Click Sign in link01</title>
                    <attachments/>
                    <steps/>
                </step>
                <step start='1663900848992' status='passed' stop='1663900848994'>
                    <name>And I Click “Feedback” And Open PAge In New Tab02</name>
                    <title>And I Click “Feedback” And Open PAge In New Tab02</title>
                    <attachments/>
                    <steps/>
                </step>
                <step start='1663900848994' status='passed' stop='1663900848996'>
                    <name>And I Click on Submit button04</name>
                    <title>And I Click on Submit button04</title>
                    <attachments/>
                    <steps/>
                </step>
                <step start='1663900848996' status='passed' stop='1663900851422'>
                    <name>Then I Verify error message is displayed 01 Please fill in the required information highlighted below.</name>
                    <title>Then I Verify error message is displayed 01 Please fill in the required information highlighted below.</title>
                    <attachments/>
                    <steps/>
                </step>
                <step start='1663900851422' status='failed' stop='1663900851535'>
                    <name>And I Verify star boxes section is in a red dotted box.02</name>
                    <title>And I Verify star boxes section is in a red dotted box.02</title>
                    <attachments>
                        <attachment title='Screenshot' source='382fa73e-950c-43b9-8dc1-849a4575b29f-attachment.png' type='image/png' size='92291'/>
                    </attachments>
                    <steps/>
                </step>
            </steps>
            <attachments/>
            <failure>
                <message>AssertionError: Error Message is Not Displayed2: expected false to be true</message>
                <stack-trace>AssertionError: Error Message is Not Displayed2: expected false to be true
                    + expected - actual
                
                    -false
                    +true
                
                    at World.&lt;anonymous> (/Users/ron-coding/Documents/git/Js-Summer-Cucumber-2022/step-definitions/z-stepDef-Sprint1/FeedBackS1SD.js:40:65)
                    at processTicksAndRejections (node:internal/process/task_queues:96:5)</stack-trace>
            </failure>
        </test-case>
    </test-cases>
</ns2:test-suite>