<?xml version='1.0'?>
<ns2:test-suite xmlns:ns2='urn:model.allure.qatools.yandex.ru' start='1663721898717' stop='1663721919430'>
    <name>HomepageS1 Test</name>
    <title>HomepageS1 Test</title>
    <test-cases>
        <test-case start='1663721898788' status='failed' stop='1663721919428'>
            <name>Verify TermsAndConditions link and PrivacyStatements link open correct page on new tab</name>
            <title>Verify TermsAndConditions link and PrivacyStatements link open correct page on new tab</title>
            <labels>
                <label name='language' value='javascript'/>
                <label name='framework' value='wdio'/>
                <label name='thread' value='0-10'/>
            </labels>
            <parameters>
                <parameter kind='argument' name='browser' value='chrome-105.0.5195.125'/>
            </parameters>
            <steps>
                <step start='1663721898790' status='passed' stop='1663721908518'>
                    <name>Given I am on Hotels.com home page0211</name>
                    <title>Given I am on Hotels.com home page0211</title>
                    <attachments/>
                    <steps/>
                </step>
                <step start='1663721908518' status='passed' stop='1663721909814'>
                    <name>When I Click Sign in link</name>
                    <title>When I Click Sign in link</title>
                    <attachments/>
                    <steps/>
                </step>
                <step start='1663721909814' status='passed' stop='1663721913315'>
                    <name>And I Click Sign up link</name>
                    <title>And I Click Sign up link</title>
                    <attachments/>
                    <steps/>
                </step>
                <step start='1663721913315' status='passed' stop='1663721914424'>
                    <name>And I Enter invalid email address with at least @ symbol #!@###</name>
                    <title>And I Enter invalid email address with at least @ symbol #!@###</title>
                    <attachments/>
                    <steps/>
                </step>
                <step start='1663721914424' status='passed' stop='1663721914971'>
                    <name>Then I Verify error is displayed Enter a valid email address</name>
                    <title>Then I Verify error is displayed Enter a valid email address</title>
                    <attachments/>
                    <steps/>
                </step>
                <step start='1663721914971' status='passed' stop='1663721915789'>
                    <name>And I Enter invalid first name !@</name>
                    <title>And I Enter invalid first name !@</title>
                    <attachments/>
                    <steps/>
                </step>
                <step start='1663721915789' status='passed' stop='1663721916323'>
                    <name>Then I Verify error is displayed First name cannot contain special characters</name>
                    <title>Then I Verify error is displayed First name cannot contain special characters</title>
                    <attachments/>
                    <steps/>
                </step>
                <step start='1663721916324' status='passed' stop='1663721917088'>
                    <name>And I Enter invalid last name %&lt;&amp;</name>
                    <title>And I Enter invalid last name %&lt;&amp;</title>
                    <attachments/>
                    <steps/>
                </step>
                <step start='1663721917088' status='passed' stop='1663721917690'>
                    <name>Then I Verify error is displayed Last name cannot contain special characters</name>
                    <title>Then I Verify error is displayed Last name cannot contain special characters</title>
                    <attachments/>
                    <steps/>
                </step>
                <step start='1663721917690' status='passed' stop='1663721918743'>
                    <name>And I Enter password</name>
                    <title>And I Enter password</title>
                    <attachments/>
                    <steps/>
                </step>
                <step start='1663721918743' status='failed' stop='1663721919428'>
                    <name>Then I Verify “Keep me signed in” checkbox is displayed and enabled</name>
                    <title>Then I Verify “Keep me signed in” checkbox is displayed and enabled</title>
                    <attachments>
                        <attachment title='Screenshot' source='9a680999-d542-422f-9f4f-bc94e77ab2dd-attachment.png' type='image/png' size='72742'/>
                    </attachments>
                    <steps/>
                </step>
            </steps>
            <attachments/>
            <failure>
                <message>AssertionError: Error Message is Not Displayed: expected false to be true</message>
                <stack-trace>AssertionError: Error Message is Not Displayed: expected false to be true
                    + expected - actual
                
                    -false
                    +true
                
                    at World.&lt;anonymous> (/Users/ron-coding/Documents/git/Js-Summer-Cucumber-2022/step-definitions/z-stepDef-Sprint1/HomepageS1SD.js:260:69)</stack-trace>
            </failure>
        </test-case>
    </test-cases>
</ns2:test-suite>