<?xml version='1.0'?>
<ns2:test-suite xmlns:ns2='urn:model.allure.qatools.yandex.ru' start='1662603645689' stop='1662603659347'>
    <name>Darksky Final Test</name>
    <title>Darksky Final Test</title>
    <test-cases>
        <test-case start='1662603646045' status='failed' stop='1662603659345'>
            <name>Verify DarkSky Test 2</name>
            <title>Verify DarkSky Test 2</title>
            <labels>
                <label name='language' value='javascript'/>
                <label name='framework' value='wdio'/>
                <label name='thread' value='0-1'/>
            </labels>
            <parameters>
                <parameter kind='argument' name='browser' value='chrome-105.0.5195.102'/>
            </parameters>
            <steps>
                <step start='1662603646048' status='passed' stop='1662603653015'>
                    <name>Given I am on darksky.net1234</name>
                    <title>Given I am on darksky.net1234</title>
                    <attachments/>
                    <steps/>
                </step>
                <step start='1662603653015' status='passed' stop='1662603656069'>
                    <name>When I Scroll to Today's timeline</name>
                    <title>When I Scroll to Today's timeline</title>
                    <attachments/>
                    <steps/>
                </step>
                <step start='1662603656069' status='passed' stop='1662603659156'>
                    <name>And I Click on plus button</name>
                    <title>And I Click on plus button</title>
                    <attachments/>
                    <steps/>
                </step>
                <step start='1662603659156' status='failed' stop='1662603659345'>
                    <name>Then I Verify minTemp on and in Today's timeline is same</name>
                    <title>Then I Verify minTemp on and in Today's timeline is same</title>
                    <attachments>
                        <attachment title='Screenshot' source='caaeb6ff-68f1-47ed-a405-7654045f2889-attachment.png' type='image/png' size='79045'/>
                    </attachments>
                    <steps/>
                </step>
                <step start='1662603659345' status='canceled' stop='1662603659346'>
                    <name>Then I Verify maxTemp on and in Today's timeline is same</name>
                    <title>Then I Verify maxTemp on and in Today's timeline is same</title>
                    <attachments/>
                    <steps/>
                </step>
            </steps>
            <attachments/>
            <failure>
                <message>AssertionError: temp not matching: expected Promise{…} to equal Promise{…}</message>
                <stack-trace>AssertionError: temp not matching: expected Promise{…} to equal Promise{…}
                    + expected - actual
                
                
                    at World.&lt;anonymous> (/Users/ron-coding/Documents/git/Js-Summer-Cucumber-2022/step-definitions/Darksky/DarkskyTestSD.js:68:67)
                    at async wrapPromiseWithTimeout (/Users/ron-coding/Documents/git/Js-Summer-Cucumber-2022/node_modules/@cucumber/cucumber/lib/time.js:67:12)
                    at async Object.run (/Users/ron-coding/Documents/git/Js-Summer-Cucumber-2022/node_modules/@cucumber/cucumber/lib/user_code_runner.js:64:22)
                    at async Object.run (/Users/ron-coding/Documents/git/Js-Summer-Cucumber-2022/node_modules/@cucumber/cucumber/lib/runtime/step_runner.js:52:26)
                    at async TestCaseRunner.invokeStep (/Users/ron-coding/Documents/git/Js-Summer-Cucumber-2022/node_modules/@cucumber/cucumber/lib/runtime/test_case_runner.js:93:16)
                    at async TestCaseRunner.runStep (/Users/ron-coding/Documents/git/Js-Summer-Cucumber-2022/node_modules/@cucumber/cucumber/lib/runtime/test_case_runner.js:237:26)
                    at async /Users/ron-coding/Documents/git/Js-Summer-Cucumber-2022/node_modules/@cucumber/cucumber/lib/runtime/test_case_runner.js:163:48
                    at async TestCaseRunner.aroundTestStep (/Users/ron-coding/Documents/git/Js-Summer-Cucumber-2022/node_modules/@cucumber/cucumber/lib/runtime/test_case_runner.js:117:32)</stack-trace>
            </failure>
        </test-case>
    </test-cases>
</ns2:test-suite>