<?xml version='1.0'?>
<ns2:test-suite xmlns:ns2='urn:model.allure.qatools.yandex.ru' start='1663722224255' stop='1663722245472'>
    <name>HomepageS1 Test</name>
    <title>HomepageS1 Test</title>
    <test-cases>
        <test-case start='1663722224430' status='failed' stop='1663722245471'>
            <name>Verify TermsAndConditions link and PrivacyStatements link open correct page on new tab</name>
            <title>Verify TermsAndConditions link and PrivacyStatements link open correct page on new tab</title>
            <labels>
                <label name='language' value='javascript'/>
                <label name='framework' value='wdio'/>
                <label name='thread' value='1-10'/>
            </labels>
            <parameters>
                <parameter kind='argument' name='browser' value='firefox-104.0.1'/>
            </parameters>
            <steps>
                <step start='1663722224432' status='passed' stop='1663722233954'>
                    <name>Given I am on Hotels.com home page0211</name>
                    <title>Given I am on Hotels.com home page0211</title>
                    <attachments/>
                    <steps/>
                </step>
                <step start='1663722233954' status='passed' stop='1663722235253'>
                    <name>When I Click Sign in link</name>
                    <title>When I Click Sign in link</title>
                    <attachments/>
                    <steps/>
                </step>
                <step start='1663722235253' status='passed' stop='1663722238605'>
                    <name>And I Click Sign up link</name>
                    <title>And I Click Sign up link</title>
                    <attachments/>
                    <steps/>
                </step>
                <step start='1663722238605' status='passed' stop='1663722239959'>
                    <name>And I Enter invalid email address with at least @ symbol #!@###</name>
                    <title>And I Enter invalid email address with at least @ symbol #!@###</title>
                    <attachments/>
                    <steps/>
                </step>
                <step start='1663722239959' status='passed' stop='1663722240509'>
                    <name>Then I Verify error is displayed Enter a valid email address</name>
                    <title>Then I Verify error is displayed Enter a valid email address</title>
                    <attachments/>
                    <steps/>
                </step>
                <step start='1663722240509' status='passed' stop='1663722241580'>
                    <name>And I Enter invalid first name !@</name>
                    <title>And I Enter invalid first name !@</title>
                    <attachments/>
                    <steps/>
                </step>
                <step start='1663722241580' status='passed' stop='1663722242120'>
                    <name>Then I Verify error is displayed First name cannot contain special characters</name>
                    <title>Then I Verify error is displayed First name cannot contain special characters</title>
                    <attachments/>
                    <steps/>
                </step>
                <step start='1663722242120' status='passed' stop='1663722243089'>
                    <name>And I Enter invalid last name %&lt;&amp;</name>
                    <title>And I Enter invalid last name %&lt;&amp;</title>
                    <attachments/>
                    <steps/>
                </step>
                <step start='1663722243089' status='passed' stop='1663722243618'>
                    <name>Then I Verify error is displayed Last name cannot contain special characters</name>
                    <title>Then I Verify error is displayed Last name cannot contain special characters</title>
                    <attachments/>
                    <steps/>
                </step>
                <step start='1663722243618' status='passed' stop='1663722244827'>
                    <name>And I Enter password</name>
                    <title>And I Enter password</title>
                    <attachments/>
                    <steps/>
                </step>
                <step start='1663722244828' status='failed' stop='1663722245471'>
                    <name>Then I Verify “Keep me signed in” checkbox is displayed and enabled</name>
                    <title>Then I Verify “Keep me signed in” checkbox is displayed and enabled</title>
                    <attachments>
                        <attachment title='Screenshot' source='aba473af-b0b8-457e-b0ef-51a8baba8be7-attachment.png' type='image/png' size='86964'/>
                    </attachments>
                    <steps/>
                </step>
            </steps>
            <attachments/>
            <failure>
                <message>AssertionError: Error Message is Not Displayed: expected true to be false</message>
                <stack-trace>AssertionError: Error Message is Not Displayed: expected true to be false
                    + expected - actual
                
                    -true
                    +false
                
                    at World.&lt;anonymous> (/Users/ron-coding/Documents/git/Js-Summer-Cucumber-2022/step-definitions/z-stepDef-Sprint1/HomepageS1SD.js:260:69)</stack-trace>
            </failure>
        </test-case>
    </test-cases>
</ns2:test-suite>