<?xml version='1.0'?>
<ns2:test-suite xmlns:ns2='urn:model.allure.qatools.yandex.ru' start='1662600868374' stop='1662600873457'>
    <name>Darksky Final Test</name>
    <title>Darksky Final Test</title>
    <test-cases>
        <test-case start='1662600868443' status='failed' stop='1662600873456'>
            <name>Verify DarkSky 2 Hour Gaps</name>
            <title>Verify DarkSky 2 Hour Gaps</title>
            <labels>
                <label name='language' value='javascript'/>
                <label name='framework' value='wdio'/>
                <label name='thread' value='0-1'/>
            </labels>
            <parameters>
                <parameter kind='argument' name='browser' value='chrome-105.0.5195.102'/>
            </parameters>
            <steps>
                <step start='1662600868445' status='passed' stop='1662600873052'>
                    <name>Given I am on darksky.net123</name>
                    <title>Given I am on darksky.net123</title>
                    <attachments/>
                    <steps/>
                </step>
                <step start='1662600873052' status='failed' stop='1662600873456'>
                    <name>Then I Verify timeline has 12-data points with 2 hours gap from current hour</name>
                    <title>Then I Verify timeline has 12-data points with 2 hours gap from current hour</title>
                    <attachments>
                        <attachment title='Screenshot' source='33ae90a0-3291-48b9-a286-f07096b2a76d-attachment.png' type='image/png' size='449280'/>
                    </attachments>
                    <steps/>
                </step>
            </steps>
            <attachments/>
            <failure>
                <message>AssertionError: fail the testcase: expected false to be true</message>
                <stack-trace>AssertionError: fail the testcase: expected false to be true
                    + expected - actual
                
                    -false
                    +true
                
                    at World.&lt;anonymous> (/Users/ron-coding/Documents/git/Js-Summer-Cucumber-2022/step-definitions/Darksky/DarkskyTestSD.js:25:64)
                    at processTicksAndRejections (node:internal/process/task_queues:96:5)</stack-trace>
            </failure>
        </test-case>
    </test-cases>
</ns2:test-suite>